{
  "0 debug pnpm:scope": {
    "selected": 1
  },
  "1 debug pnpm:package-manifest": {
    "initial": {
      "name": "tetris",
      "version": "1.0.0",
      "description": "俄罗斯方块小游戏",
      "main": "index.js",
      "scripts": {
        "test": "echo \"Error: no test specified\" && exit 1"
      },
      "repository": {
        "type": "git",
        "url": "git+https://github.com/lxqddd/Tetris.git"
      },
      "keywords": [
        "俄罗斯方块",
        "小游戏"
      ],
      "author": "向阳",
      "license": "MIT",
      "bugs": {
        "url": "https://github.com/lxqddd/Tetris/issues"
      },
      "homepage": "https://github.com/lxqddd/Tetris#readme"
    },
    "prefix": "C:\\Users\\xiang\\Desktop\\project\\Tetris"
  },
  "2 debug pnpm:context": {
    "currentLockfileExists": false,
    "storeDir": "C:\\Users\\xiang\\.pnpm-store\\v3",
    "virtualStoreDir": "C:\\Users\\xiang\\Desktop\\project\\Tetris\\node_modules\\.pnpm"
  },
  "3 debug pnpm:stage": {
    "prefix": "C:\\Users\\xiang\\Desktop\\project\\Tetris",
    "stage": "resolution_started"
  },
  "4 error pnpm": {
    "code": "ERR_PNPM_FETCH_404",
    "hint": "webpack-dev-serve is not in the npm registry, or you have no permission to fetch it.\n\nNo authorization header was set for the request.",
    "request": {
      "url": "https://registry.npm.taobao.org/webpack-dev-serve"
    },
    "response": {
      "size": 0
    },
    "pkgName": "webpack-dev-serve",
    "pkgsStack": [],
    "err": {
      "name": "pnpm",
      "message": "GET https://registry.npm.taobao.org/webpack-dev-serve: Not Found - 404",
      "code": "ERR_PNPM_FETCH_404",
      "stack": "pnpm: GET https://registry.npm.taobao.org/webpack-dev-serve: Not Found - 404\n    at RetryOperation._fn (C:\\Users\\xiang\\AppData\\Roaming\\npm\\pnpm-global\\5\\node_modules\\.pnpm\\registry.npmmirror.com+pnpm@6.32.3\\node_modules\\pnpm\\dist\\pnpm.cjs:85709:19)\n    at processTicksAndRejections (node:internal/process/task_queues:96:5)"
    }
  }
}